<?xml version="1.0"?>
<testsuites>
  <testsuite name="PhantomJS 2.1.1 (Linux 0.0.0)" package="JavaScript unit tests" timestamp="2016-06-28T02:30:19" id="0" hostname="vishnu-HP-Pavilion-g6-Notebook-PC" tests="22" errors="0" failures="0" time="0.537">
    <properties>
      <property name="browser.fullName" value="Mozilla/5.0 (Unknown; Linux x86_64) AppleWebKit/538.1 (KHTML, like Gecko) PhantomJS/2.1.1 Safari/538.1"/>
    </properties>
    <testcase name="should not be displayed by default" time="0.076" classname="JavaScript unit tests PhantomJS 2.1.1 (Linux 0.0.0).pbDatePicker calendar"/>
    <testcase name="should be displayed while clicking on button" time="0.074" classname="JavaScript unit tests PhantomJS 2.1.1 (Linux 0.0.0).pbDatePicker calendar"/>
    <testcase name="should be displayed while clicking on input" time="0.069" classname="JavaScript unit tests PhantomJS 2.1.1 (Linux 0.0.0).pbDatePicker calendar"/>
    <testcase name="should be displayed by default" time="0.02" classname="JavaScript unit tests PhantomJS 2.1.1 (Linux 0.0.0).pbDatePicker label"/>
    <testcase name="should has a default value equals to [Date]" time="0.022" classname="JavaScript unit tests PhantomJS 2.1.1 (Linux 0.0.0).pbDatePicker label"/>
    <testcase name="should be on the top by default" time="0.02" classname="JavaScript unit tests PhantomJS 2.1.1 (Linux 0.0.0).pbDatePicker label"/>
    <testcase name="should be on the left of the input if labelPosition change" time="0.027" classname="JavaScript unit tests PhantomJS 2.1.1 (Linux 0.0.0).pbDatePicker label"/>
    <testcase name="should not be there when displayLabel is falsy" time="0.02" classname="JavaScript unit tests PhantomJS 2.1.1 (Linux 0.0.0).pbDatePicker label"/>
    <testcase name="should be configurable with label property" time="0.016" classname="JavaScript unit tests PhantomJS 2.1.1 (Linux 0.0.0).pbDatePicker label"/>
    <testcase name="should adapt its width to label size when on the left" time="0.02" classname="JavaScript unit tests PhantomJS 2.1.1 (Linux 0.0.0).pbDatePicker input-group"/>
    <testcase name="should be wrapped in full width div when no label" time="0.014" classname="JavaScript unit tests PhantomJS 2.1.1 (Linux 0.0.0).pbDatePicker input-group"/>
    <testcase name="should be wrapped in full width div when label is on the top" time="0.015" classname="JavaScript unit tests PhantomJS 2.1.1 (Linux 0.0.0).pbDatePicker input-group"/>
    <testcase name="should be readonly if datepicker is readonly" time="0.015" classname="JavaScript unit tests PhantomJS 2.1.1 (Linux 0.0.0).pbDatePicker input used to display date"/>
    <testcase name="should be required when requested" time="0.015" classname="JavaScript unit tests PhantomJS 2.1.1 (Linux 0.0.0).pbDatePicker input used to display date"/>
    <testcase name="should display date passed as time millis" time="0.019" classname="JavaScript unit tests PhantomJS 2.1.1 (Linux 0.0.0).pbDatePicker input used to display date"/>
    <testcase name="should display date passed as string time millis" time="0" classname="JavaScript unit tests PhantomJS 2.1.1 (Linux 0.0.0).pbDatePicker input used to display date">
      <skipped/>
    </testcase>
    <testcase name="should display date passed with iso format" time="0.016" classname="JavaScript unit tests PhantomJS 2.1.1 (Linux 0.0.0).pbDatePicker input used to display date"/>
    <testcase name="should display date using expected date format" time="0.017" classname="JavaScript unit tests PhantomJS 2.1.1 (Linux 0.0.0).pbDatePicker input used to display date"/>
    <testcase name="should parse correctly date" time="0.018" classname="JavaScript unit tests PhantomJS 2.1.1 (Linux 0.0.0).pbDatePicker input used to display date"/>
    <testcase name="should parse correctly date according to date format" time="0.018" classname="JavaScript unit tests PhantomJS 2.1.1 (Linux 0.0.0).pbDatePicker input used to display date"/>
    <testcase name="should be displayed by default" time="0.013" classname="JavaScript unit tests PhantomJS 2.1.1 (Linux 0.0.0).pbDatePicker button"/>
    <testcase name="should be disabled if date picker disabled" time="0.013" classname="JavaScript unit tests PhantomJS 2.1.1 (Linux 0.0.0).pbDatePicker button"/>
    <system-out><![CDATA[
]]></system-out>
    <system-err/>
  </testsuite>
</testsuites>
