<?xml version="1.0" encoding="UTF-8"?>
<testsuite name="org.bonitasoft.web.designer.experimental.parametrizedWidget.ParametrizedWidgetFactoryTest" time="0.005" tests="29" errors="0" skipped="0" failures="0">
  <properties>
    <property name="java.runtime.name" value="Java(TM) SE Runtime Environment"/>
    <property name="sun.boot.library.path" value="/home/vishnu/Documents/jdk1.8.0_51/jre/lib/amd64"/>
    <property name="java.vm.version" value="25.51-b03"/>
    <property name="java.vm.vendor" value="Oracle Corporation"/>
    <property name="maven.multiModuleProjectDirectory" value="/home/vishnu/git/bonita-ui-designer"/>
    <property name="java.vendor.url" value="http://java.oracle.com/"/>
    <property name="path.separator" value=":"/>
    <property name="guice.disable.misplaced.annotation.check" value="true"/>
    <property name="java.vm.name" value="Java HotSpot(TM) 64-Bit Server VM"/>
    <property name="file.encoding.pkg" value="sun.io"/>
    <property name="user.country" value="IN"/>
    <property name="sun.java.launcher" value="SUN_STANDARD"/>
    <property name="sun.os.patch.level" value="unknown"/>
    <property name="java.vm.specification.name" value="Java Virtual Machine Specification"/>
    <property name="user.dir" value="/home/vishnu/git/bonita-ui-designer"/>
    <property name="java.runtime.version" value="1.8.0_51-b16"/>
    <property name="java.awt.graphicsenv" value="sun.awt.X11GraphicsEnvironment"/>
    <property name="java.endorsed.dirs" value="/home/vishnu/Documents/jdk1.8.0_51/jre/lib/endorsed"/>
    <property name="os.arch" value="amd64"/>
    <property name="java.io.tmpdir" value="/tmp"/>
    <property name="line.separator" value="&#10;"/>
    <property name="java.vm.specification.vendor" value="Oracle Corporation"/>
    <property name="os.name" value="Linux"/>
    <property name="classworlds.conf" value="/home/vishnu/workspace/.metadata/.plugins/org.eclipse.m2e.launching/launches/m2conf6359364630595447036.tmp"/>
    <property name="sun.jnu.encoding" value="UTF-8"/>
    <property name="java.library.path" value="/usr/java/packages/lib/amd64:/usr/lib64:/lib64:/lib:/usr/lib"/>
    <property name="java.specification.name" value="Java Platform API Specification"/>
    <property name="java.class.version" value="52.0"/>
    <property name="sun.management.compiler" value="HotSpot 64-Bit Tiered Compilers"/>
    <property name="os.version" value="3.16.0-57-generic"/>
    <property name="user.home" value="/home/vishnu"/>
    <property name="user.timezone" value="Asia/Kolkata"/>
    <property name="java.awt.printerjob" value="sun.print.PSPrinterJob"/>
    <property name="file.encoding" value="UTF-8"/>
    <property name="java.specification.version" value="1.8"/>
    <property name="user.name" value="vishnu"/>
    <property name="java.class.path" value="/home/vishnu/Documents/eclipse/plugins/org.eclipse.m2e.maven.runtime_1.6.2.20150902-0001/jars/plexus-classworlds-2.5.2.jar"/>
    <property name="java.vm.specification.version" value="1.8"/>
    <property name="sun.arch.data.model" value="64"/>
    <property name="java.home" value="/home/vishnu/Documents/jdk1.8.0_51/jre"/>
    <property name="sun.java.command" value="org.codehaus.plexus.classworlds.launcher.Launcher -B package"/>
    <property name="java.specification.vendor" value="Oracle Corporation"/>
    <property name="user.language" value="en"/>
    <property name="awt.toolkit" value="sun.awt.X11.XToolkit"/>
    <property name="java.vm.info" value="mixed mode"/>
    <property name="java.version" value="1.8.0_51"/>
    <property name="java.ext.dirs" value="/home/vishnu/Documents/jdk1.8.0_51/jre/lib/ext:/usr/java/packages/lib/ext"/>
    <property name="securerandom.source" value="file:/dev/./urandom"/>
    <property name="sun.boot.class.path" value="/home/vishnu/Documents/jdk1.8.0_51/jre/lib/resources.jar:/home/vishnu/Documents/jdk1.8.0_51/jre/lib/rt.jar:/home/vishnu/Documents/jdk1.8.0_51/jre/lib/sunrsasign.jar:/home/vishnu/Documents/jdk1.8.0_51/jre/lib/jsse.jar:/home/vishnu/Documents/jdk1.8.0_51/jre/lib/jce.jar:/home/vishnu/Documents/jdk1.8.0_51/jre/lib/charsets.jar:/home/vishnu/Documents/jdk1.8.0_51/jre/lib/jfr.jar:/home/vishnu/Documents/jdk1.8.0_51/jre/classes"/>
    <property name="java.vendor" value="Oracle Corporation"/>
    <property name="maven.home" value="/home/vishnu/git/bonita-ui-designer/EMBEDDED"/>
    <property name="file.separator" value="/"/>
    <property name="java.vendor.url.bug" value="http://bugreport.sun.com/bugreport/"/>
    <property name="sun.cpu.endian" value="little"/>
    <property name="sun.io.unicode.encoding" value="UnicodeLittle"/>
    <property name="sun.desktop" value="gnome"/>
    <property name="sun.cpu.isalist" value=""/>
  </properties>
  <testcase name="create_a_label_component_with_contract_input_name_as_display_label" classname="org.bonitasoft.web.designer.experimental.parametrizedWidget.ParametrizedWidgetFactoryTest" time="0.002"/>
  <testcase name="create_remove_button_with_left_alignment" classname="org.bonitasoft.web.designer.experimental.parametrizedWidget.ParametrizedWidgetFactoryTest" time="0"/>
  <testcase name="create_submit_button_with_submit_label" classname="org.bonitasoft.web.designer.experimental.parametrizedWidget.ParametrizedWidgetFactoryTest" time="0.001"/>
  <testcase name="throw_a_IllegalArgumentException_for_unsupported_input_type" classname="org.bonitasoft.web.designer.experimental.parametrizedWidget.ParametrizedWidgetFactoryTest" time="0"/>
  <testcase name="create_a_checkbox_for_boolean_contract_input" classname="org.bonitasoft.web.designer.experimental.parametrizedWidget.ParametrizedWidgetFactoryTest" time="0"/>
  <testcase name="date_contract_input_is_supported" classname="org.bonitasoft.web.designer.experimental.parametrizedWidget.ParametrizedWidgetFactoryTest" time="0.001"/>
  <testcase name="create_submit_button_with_submit_task_action_for_a_contract" classname="org.bonitasoft.web.designer.experimental.parametrizedWidget.ParametrizedWidgetFactoryTest" time="0"/>
  <testcase name="create_a_datepicker_for_date_contract_input" classname="org.bonitasoft.web.designer.experimental.parametrizedWidget.ParametrizedWidgetFactoryTest" time="0"/>
  <testcase name="create_add_button_with_add_to_collection_action" classname="org.bonitasoft.web.designer.experimental.parametrizedWidget.ParametrizedWidgetFactoryTest" time="0"/>
  <testcase name="create_a_datepicker_for_date_contract_input_with_date_format" classname="org.bonitasoft.web.designer.experimental.parametrizedWidget.ParametrizedWidgetFactoryTest" time="0"/>
  <testcase name="create_a_container_with_full_size" classname="org.bonitasoft.web.designer.experimental.parametrizedWidget.ParametrizedWidgetFactoryTest" time="0"/>
  <testcase name="create_add_button_with_label" classname="org.bonitasoft.web.designer.experimental.parametrizedWidget.ParametrizedWidgetFactoryTest" time="0"/>
  <testcase name="create_add_button_with_a_width_at_10" classname="org.bonitasoft.web.designer.experimental.parametrizedWidget.ParametrizedWidgetFactoryTest" time="0"/>
  <testcase name="create_submit_button_with_start_process_action_for_a_contract" classname="org.bonitasoft.web.designer.experimental.parametrizedWidget.ParametrizedWidgetFactoryTest" time="0"/>
  <testcase name="create_a_text_input_for_string_contract_input_with_full_with" classname="org.bonitasoft.web.designer.experimental.parametrizedWidget.ParametrizedWidgetFactoryTest" time="0"/>
  <testcase name="text_contract_input_is_supported" classname="org.bonitasoft.web.designer.experimental.parametrizedWidget.ParametrizedWidgetFactoryTest" time="0"/>
  <testcase name="create_a_text_input_for_string_contract_input_with_a_display_label" classname="org.bonitasoft.web.designer.experimental.parametrizedWidget.ParametrizedWidgetFactoryTest" time="0.001"/>
  <testcase name="create_an_input_widget_for_string_contract_input" classname="org.bonitasoft.web.designer.experimental.parametrizedWidget.ParametrizedWidgetFactoryTest" time="0"/>
  <testcase name="create_remove_button_which_remove_last_item" classname="org.bonitasoft.web.designer.experimental.parametrizedWidget.ParametrizedWidgetFactoryTest" time="0"/>
  <testcase name="create_an_input_widget_for_numeric_contract_input" classname="org.bonitasoft.web.designer.experimental.parametrizedWidget.ParametrizedWidgetFactoryTest" time="0"/>
  <testcase name="create_a_file_upload_for_file_contract_input_with_a_default_url" classname="org.bonitasoft.web.designer.experimental.parametrizedWidget.ParametrizedWidgetFactoryTest" time="0"/>
  <testcase name="create_a_text_input_for_string_contract_input_with_description_as_placeholder" classname="org.bonitasoft.web.designer.experimental.parametrizedWidget.ParametrizedWidgetFactoryTest" time="0"/>
  <testcase name="integer_contract_input_is_supported" classname="org.bonitasoft.web.designer.experimental.parametrizedWidget.ParametrizedWidgetFactoryTest" time="0"/>
  <testcase name="create_remove_button_with_label" classname="org.bonitasoft.web.designer.experimental.parametrizedWidget.ParametrizedWidgetFactoryTest" time="0"/>
  <testcase name="create_remove_button_with_remove_from_collection_action" classname="org.bonitasoft.web.designer.experimental.parametrizedWidget.ParametrizedWidgetFactoryTest" time="0"/>
  <testcase name="create_a_label_component_with_contract_input_with_full_with" classname="org.bonitasoft.web.designer.experimental.parametrizedWidget.ParametrizedWidgetFactoryTest" time="0"/>
  <testcase name="create_a_displayed_container" classname="org.bonitasoft.web.designer.experimental.parametrizedWidget.ParametrizedWidgetFactoryTest" time="0"/>
  <testcase name="create_remove_button_with_a_width_at_2" classname="org.bonitasoft.web.designer.experimental.parametrizedWidget.ParametrizedWidgetFactoryTest" time="0"/>
  <testcase name="file_contract_input_is_supported" classname="org.bonitasoft.web.designer.experimental.parametrizedWidget.ParametrizedWidgetFactoryTest" time="0"/>
</testsuite>