<?xml version="1.0" encoding="UTF-8"?>
<testsuite name="org.bonitasoft.web.designer.controller.asset.AssetServiceTest" time="0.089" tests="35" errors="0" skipped="0" failures="0">
  <properties>
    <property name="java.runtime.name" value="Java(TM) SE Runtime Environment"/>
    <property name="sun.boot.library.path" value="/home/vishnu/Documents/jdk1.8.0_51/jre/lib/amd64"/>
    <property name="java.vm.version" value="25.51-b03"/>
    <property name="java.vm.vendor" value="Oracle Corporation"/>
    <property name="maven.multiModuleProjectDirectory" value="/home/vishnu/git/bonita-ui-designer"/>
    <property name="java.vendor.url" value="http://java.oracle.com/"/>
    <property name="path.separator" value=":"/>
    <property name="guice.disable.misplaced.annotation.check" value="true"/>
    <property name="java.vm.name" value="Java HotSpot(TM) 64-Bit Server VM"/>
    <property name="file.encoding.pkg" value="sun.io"/>
    <property name="user.country" value="IN"/>
    <property name="sun.java.launcher" value="SUN_STANDARD"/>
    <property name="sun.os.patch.level" value="unknown"/>
    <property name="java.vm.specification.name" value="Java Virtual Machine Specification"/>
    <property name="user.dir" value="/home/vishnu/git/bonita-ui-designer"/>
    <property name="java.runtime.version" value="1.8.0_51-b16"/>
    <property name="java.awt.graphicsenv" value="sun.awt.X11GraphicsEnvironment"/>
    <property name="java.endorsed.dirs" value="/home/vishnu/Documents/jdk1.8.0_51/jre/lib/endorsed"/>
    <property name="os.arch" value="amd64"/>
    <property name="java.io.tmpdir" value="/tmp"/>
    <property name="line.separator" value="&#10;"/>
    <property name="java.vm.specification.vendor" value="Oracle Corporation"/>
    <property name="os.name" value="Linux"/>
    <property name="classworlds.conf" value="/home/vishnu/workspace/.metadata/.plugins/org.eclipse.m2e.launching/launches/m2conf6359364630595447036.tmp"/>
    <property name="sun.jnu.encoding" value="UTF-8"/>
    <property name="java.library.path" value="/usr/java/packages/lib/amd64:/usr/lib64:/lib64:/lib:/usr/lib"/>
    <property name="java.specification.name" value="Java Platform API Specification"/>
    <property name="java.class.version" value="52.0"/>
    <property name="sun.management.compiler" value="HotSpot 64-Bit Tiered Compilers"/>
    <property name="os.version" value="3.16.0-57-generic"/>
    <property name="user.home" value="/home/vishnu"/>
    <property name="user.timezone" value="Asia/Kolkata"/>
    <property name="java.awt.printerjob" value="sun.print.PSPrinterJob"/>
    <property name="file.encoding" value="UTF-8"/>
    <property name="java.specification.version" value="1.8"/>
    <property name="user.name" value="vishnu"/>
    <property name="java.class.path" value="/home/vishnu/Documents/eclipse/plugins/org.eclipse.m2e.maven.runtime_1.6.2.20150902-0001/jars/plexus-classworlds-2.5.2.jar"/>
    <property name="java.vm.specification.version" value="1.8"/>
    <property name="sun.arch.data.model" value="64"/>
    <property name="java.home" value="/home/vishnu/Documents/jdk1.8.0_51/jre"/>
    <property name="sun.java.command" value="org.codehaus.plexus.classworlds.launcher.Launcher -B package"/>
    <property name="java.specification.vendor" value="Oracle Corporation"/>
    <property name="user.language" value="en"/>
    <property name="awt.toolkit" value="sun.awt.X11.XToolkit"/>
    <property name="java.vm.info" value="mixed mode"/>
    <property name="java.version" value="1.8.0_51"/>
    <property name="java.ext.dirs" value="/home/vishnu/Documents/jdk1.8.0_51/jre/lib/ext:/usr/java/packages/lib/ext"/>
    <property name="securerandom.source" value="file:/dev/./urandom"/>
    <property name="sun.boot.class.path" value="/home/vishnu/Documents/jdk1.8.0_51/jre/lib/resources.jar:/home/vishnu/Documents/jdk1.8.0_51/jre/lib/rt.jar:/home/vishnu/Documents/jdk1.8.0_51/jre/lib/sunrsasign.jar:/home/vishnu/Documents/jdk1.8.0_51/jre/lib/jsse.jar:/home/vishnu/Documents/jdk1.8.0_51/jre/lib/jce.jar:/home/vishnu/Documents/jdk1.8.0_51/jre/lib/charsets.jar:/home/vishnu/Documents/jdk1.8.0_51/jre/lib/jfr.jar:/home/vishnu/Documents/jdk1.8.0_51/jre/classes"/>
    <property name="java.vendor" value="Oracle Corporation"/>
    <property name="maven.home" value="/home/vishnu/git/bonita-ui-designer/EMBEDDED"/>
    <property name="file.separator" value="/"/>
    <property name="java.vendor.url.bug" value="http://bugreport.sun.com/bugreport/"/>
    <property name="sun.cpu.endian" value="little"/>
    <property name="sun.io.unicode.encoding" value="UnicodeLittle"/>
    <property name="sun.desktop" value="gnome"/>
    <property name="sun.cpu.isalist" value=""/>
  </properties>
  <testcase name="should_save_new_asset_and_populate_its_id" classname="org.bonitasoft.web.designer.controller.asset.AssetServiceTest" time="0"/>
  <testcase name="should_return_error_when_error_onsave" classname="org.bonitasoft.web.designer.controller.asset.AssetServiceTest" time="0"/>
  <testcase name="should_return_error_when_adding_asset_with_name_null" classname="org.bonitasoft.web.designer.controller.asset.AssetServiceTest" time="0"/>
  <testcase name="should_decrement_asset_order_in_component" classname="org.bonitasoft.web.designer.controller.asset.AssetServiceTest" time="0"/>
  <testcase name="should_throw_IllegalArgument_when_sorting_asset_component_with_no_name" classname="org.bonitasoft.web.designer.controller.asset.AssetServiceTest" time="0"/>
  <testcase name="should_load_default_assets" classname="org.bonitasoft.web.designer.controller.asset.AssetServiceTest" time="0"/>
  <testcase name="should_not_change_asset_state_in_previewable_when_asset_is_already_inactive" classname="org.bonitasoft.web.designer.controller.asset.AssetServiceTest" time="0"/>
  <testcase name="should_compute_order_while_saving_a_new_asset" classname="org.bonitasoft.web.designer.controller.asset.AssetServiceTest" time="0"/>
  <testcase name="should_return_error_when_adding_asset_with_type_invalid" classname="org.bonitasoft.web.designer.controller.asset.AssetServiceTest" time="0"/>
  <testcase name="should_reactive_asset_in_previable_when_asset_is_inactive_in_previewable" classname="org.bonitasoft.web.designer.controller.asset.AssetServiceTest" time="0.004"/>
  <testcase name="should_not_return_error_when_adding_existing_asset_witherror_on_delete" classname="org.bonitasoft.web.designer.controller.asset.AssetServiceTest" time="0.022"/>
  <testcase name="should_return_error_when_uploadind_type_invalid" classname="org.bonitasoft.web.designer.controller.asset.AssetServiceTest" time="0.002"/>
  <testcase name="should_return_error_when_uploading_file_null" classname="org.bonitasoft.web.designer.controller.asset.AssetServiceTest" time="0.006"/>
  <testcase name="should_change_asset_state_in_previewable_when_asset_state_is_inactive" classname="org.bonitasoft.web.designer.controller.asset.AssetServiceTest" time="0"/>
  <testcase name="should_return_error_when_adding_asset_with_name_empty" classname="org.bonitasoft.web.designer.controller.asset.AssetServiceTest" time="0.001"/>
  <testcase name="should_decrement_asset_order_in_component_when_asset_is_the_last" classname="org.bonitasoft.web.designer.controller.asset.AssetServiceTest" time="0.001"/>
  <testcase name="should_check_that_json_is_well_formed_while_uploading_a_json_asset" classname="org.bonitasoft.web.designer.controller.asset.AssetServiceTest" time="0.002"/>
  <testcase name="should_return_error_when_deleting_asset_with_name_empty" classname="org.bonitasoft.web.designer.controller.asset.AssetServiceTest" time="0.001"/>
  <testcase name="should_return_error_when_uploading_with_error_onsave" classname="org.bonitasoft.web.designer.controller.asset.AssetServiceTest" time="0.004"/>
  <testcase name="should_not_decrement_asset_order_in_component_when_asset_is_the_first" classname="org.bonitasoft.web.designer.controller.asset.AssetServiceTest" time="0.002"/>
  <testcase name="should_upload_newfile_and_save_new_asset" classname="org.bonitasoft.web.designer.controller.asset.AssetServiceTest" time="0.01"/>
  <testcase name="should_not_delete_file_for_existing_external_asset" classname="org.bonitasoft.web.designer.controller.asset.AssetServiceTest" time="0.002"/>
  <testcase name="[0] null, /tmp/test3825380547576371346, src-page-id, page-id, source page path is required (should_not_duplicate_asset_when_arg_invalid)" classname="org.bonitasoft.web.designer.controller.asset.AssetServiceTest" time="0.002"/>
  <testcase name="[1] /tmp/test3825380547576371346, null, src-page-id, page-id, target page path is required (should_not_duplicate_asset_when_arg_invalid)" classname="org.bonitasoft.web.designer.controller.asset.AssetServiceTest" time="0.001"/>
  <testcase name="[2] /tmp/test3825380547576371346, /tmp/test3825380547576371346, null, page-id, source page id is required (should_not_duplicate_asset_when_arg_invalid)" classname="org.bonitasoft.web.designer.controller.asset.AssetServiceTest" time="0.001"/>
  <testcase name="[3] /tmp/test3825380547576371346, /tmp/test3825380547576371346, src-page-id, null, target page id is required (should_not_duplicate_asset_when_arg_invalid)" classname="org.bonitasoft.web.designer.controller.asset.AssetServiceTest" time="0.003"/>
  <testcase name="should_upload_a_json_asset" classname="org.bonitasoft.web.designer.controller.asset.AssetServiceTest" time="0.002"/>
  <testcase name="should_increment_asset_order_in_component_when_asset_is_the_first" classname="org.bonitasoft.web.designer.controller.asset.AssetServiceTest" time="0.002"/>
  <testcase name="should_increment_asset_order_in_component" classname="org.bonitasoft.web.designer.controller.asset.AssetServiceTest" time="0.003"/>
  <testcase name="should_duplicate_asset" classname="org.bonitasoft.web.designer.controller.asset.AssetServiceTest" time="0.003"/>
  <testcase name="should_not_increment_asset_order_in_component_when_asset_is_the_last" classname="org.bonitasoft.web.designer.controller.asset.AssetServiceTest" time="0.001"/>
  <testcase name="should_upload_existing_file" classname="org.bonitasoft.web.designer.controller.asset.AssetServiceTest" time="0.001"/>
  <testcase name="should_return_error_when_uploading_file_empty" classname="org.bonitasoft.web.designer.controller.asset.AssetServiceTest" time="0.011"/>
  <testcase name="should_delete_existing_asset" classname="org.bonitasoft.web.designer.controller.asset.AssetServiceTest" time="0.001"/>
  <testcase name="should_update_existing_local_asset" classname="org.bonitasoft.web.designer.controller.asset.AssetServiceTest" time="0.001"/>
</testsuite>