<?xml version="1.0" encoding="UTF-8"?>
<testsuite name="org.bonitasoft.web.designer.studio.repository.RepositoryAspectTest" time="0.034" tests="13" errors="0" skipped="3" failures="0">
  <properties>
    <property name="java.runtime.name" value="Java(TM) SE Runtime Environment"/>
    <property name="sun.boot.library.path" value="/home/vishnu/Documents/jdk1.8.0_51/jre/lib/amd64"/>
    <property name="java.vm.version" value="25.51-b03"/>
    <property name="java.vm.vendor" value="Oracle Corporation"/>
    <property name="maven.multiModuleProjectDirectory" value="/home/vishnu/git/bonita-ui-designer"/>
    <property name="java.vendor.url" value="http://java.oracle.com/"/>
    <property name="path.separator" value=":"/>
    <property name="guice.disable.misplaced.annotation.check" value="true"/>
    <property name="java.vm.name" value="Java HotSpot(TM) 64-Bit Server VM"/>
    <property name="file.encoding.pkg" value="sun.io"/>
    <property name="user.country" value="IN"/>
    <property name="sun.java.launcher" value="SUN_STANDARD"/>
    <property name="sun.os.patch.level" value="unknown"/>
    <property name="java.vm.specification.name" value="Java Virtual Machine Specification"/>
    <property name="user.dir" value="/home/vishnu/git/bonita-ui-designer"/>
    <property name="java.runtime.version" value="1.8.0_51-b16"/>
    <property name="java.awt.graphicsenv" value="sun.awt.X11GraphicsEnvironment"/>
    <property name="java.endorsed.dirs" value="/home/vishnu/Documents/jdk1.8.0_51/jre/lib/endorsed"/>
    <property name="os.arch" value="amd64"/>
    <property name="java.io.tmpdir" value="/tmp"/>
    <property name="line.separator" value="&#10;"/>
    <property name="java.vm.specification.vendor" value="Oracle Corporation"/>
    <property name="os.name" value="Linux"/>
    <property name="classworlds.conf" value="/home/vishnu/workspace/.metadata/.plugins/org.eclipse.m2e.launching/launches/m2conf6359364630595447036.tmp"/>
    <property name="sun.jnu.encoding" value="UTF-8"/>
    <property name="java.library.path" value="/usr/java/packages/lib/amd64:/usr/lib64:/lib64:/lib:/usr/lib"/>
    <property name="java.specification.name" value="Java Platform API Specification"/>
    <property name="java.class.version" value="52.0"/>
    <property name="sun.management.compiler" value="HotSpot 64-Bit Tiered Compilers"/>
    <property name="os.version" value="3.16.0-57-generic"/>
    <property name="user.home" value="/home/vishnu"/>
    <property name="user.timezone" value="Asia/Kolkata"/>
    <property name="java.awt.printerjob" value="sun.print.PSPrinterJob"/>
    <property name="file.encoding" value="UTF-8"/>
    <property name="java.specification.version" value="1.8"/>
    <property name="user.name" value="vishnu"/>
    <property name="java.class.path" value="/home/vishnu/Documents/eclipse/plugins/org.eclipse.m2e.maven.runtime_1.6.2.20150902-0001/jars/plexus-classworlds-2.5.2.jar"/>
    <property name="java.vm.specification.version" value="1.8"/>
    <property name="sun.arch.data.model" value="64"/>
    <property name="java.home" value="/home/vishnu/Documents/jdk1.8.0_51/jre"/>
    <property name="sun.java.command" value="org.codehaus.plexus.classworlds.launcher.Launcher -B package"/>
    <property name="java.specification.vendor" value="Oracle Corporation"/>
    <property name="user.language" value="en"/>
    <property name="awt.toolkit" value="sun.awt.X11.XToolkit"/>
    <property name="java.vm.info" value="mixed mode"/>
    <property name="java.version" value="1.8.0_51"/>
    <property name="java.ext.dirs" value="/home/vishnu/Documents/jdk1.8.0_51/jre/lib/ext:/usr/java/packages/lib/ext"/>
    <property name="securerandom.source" value="file:/dev/./urandom"/>
    <property name="sun.boot.class.path" value="/home/vishnu/Documents/jdk1.8.0_51/jre/lib/resources.jar:/home/vishnu/Documents/jdk1.8.0_51/jre/lib/rt.jar:/home/vishnu/Documents/jdk1.8.0_51/jre/lib/sunrsasign.jar:/home/vishnu/Documents/jdk1.8.0_51/jre/lib/jsse.jar:/home/vishnu/Documents/jdk1.8.0_51/jre/lib/jce.jar:/home/vishnu/Documents/jdk1.8.0_51/jre/lib/charsets.jar:/home/vishnu/Documents/jdk1.8.0_51/jre/lib/jfr.jar:/home/vishnu/Documents/jdk1.8.0_51/jre/classes"/>
    <property name="java.vendor" value="Oracle Corporation"/>
    <property name="maven.home" value="/home/vishnu/git/bonita-ui-designer/EMBEDDED"/>
    <property name="file.separator" value="/"/>
    <property name="java.vendor.url.bug" value="http://bugreport.sun.com/bugreport/"/>
    <property name="sun.cpu.endian" value="little"/>
    <property name="sun.io.unicode.encoding" value="UnicodeLittle"/>
    <property name="sun.desktop" value="gnome"/>
    <property name="sun.cpu.isalist" value=""/>
  </properties>
  <testcase name="should_trigger_postDelete_on_workspaceResourceHandler_when_deleting_a_form" classname="org.bonitasoft.web.designer.studio.repository.RepositoryAspectTest" time="0.012"/>
  <testcase name="should_throw_an_IllegalArgumentException_when_getting_a_form_with_a_null_id" classname="org.bonitasoft.web.designer.studio.repository.RepositoryAspectTest" time="0">
    <skipped message="Test ignored until we find a solution for BS-14120"/>
  </testcase>
  <testcase name="should_trigger_postSave_on_workspaceResourceHandler_when_saving_on_formRepository" classname="org.bonitasoft.web.designer.studio.repository.RepositoryAspectTest" time="0.002"/>
  <testcase name="should_not_trigger_postSave_on_workspaceResourceHandler_when_saving_several_widgets_in_widgetRepository" classname="org.bonitasoft.web.designer.studio.repository.RepositoryAspectTest" time="0.004"/>
  <testcase name="should_throw_a_RepositoryException_when_saving_if_resource_is_not_found" classname="org.bonitasoft.web.designer.studio.repository.RepositoryAspectTest" time="0.004"/>
  <testcase name="should_throw_a_RepositoryException_when_getting_a_missing_resource" classname="org.bonitasoft.web.designer.studio.repository.RepositoryAspectTest" time="0">
    <skipped message="Test ignored until we find a solution for BS-14120"/>
  </testcase>
  <testcase name="should_throw_an_IllegalArgumentException_when_saving_a_null_reference" classname="org.bonitasoft.web.designer.studio.repository.RepositoryAspectTest" time="0.003"/>
  <testcase name="should_trigger_postSave_on_workspaceResourceHandler_when_saving_and_updating_last_update_date_on_formRepository" classname="org.bonitasoft.web.designer.studio.repository.RepositoryAspectTest" time="0.002"/>
  <testcase name="should_throw_a_RepositoryException_when_getting_a_locked_resource" classname="org.bonitasoft.web.designer.studio.repository.RepositoryAspectTest" time="0">
    <skipped message="Test ignored until we find a solution for BS-14120"/>
  </testcase>
  <testcase name="should_NOT_trigger_preOpen_workspaceResourceHandler_when_getting_a_form" classname="org.bonitasoft.web.designer.studio.repository.RepositoryAspectTest" time="0.002"/>
  <testcase name="should_trigger_postSave_on_workspaceResourceHandler_when_saving_widget_on_widgetRepository" classname="org.bonitasoft.web.designer.studio.repository.RepositoryAspectTest" time="0.002"/>
  <testcase name="should_throw_a_RepositoryException_when_deleting_a_missing_resource" classname="org.bonitasoft.web.designer.studio.repository.RepositoryAspectTest" time="0.002"/>
  <testcase name="should_throw_an_IllegalArgumentException_when_deleting_a_form_with_a_null_id" classname="org.bonitasoft.web.designer.studio.repository.RepositoryAspectTest" time="0.001"/>
</testsuite>