<?xml version="1.0" encoding="UTF-8"?>
<testsuite name="org.bonitasoft.web.designer.repository.AssetRepositoryTest" time="0.075" tests="17" errors="0" skipped="0" failures="0">
  <properties>
    <property name="java.runtime.name" value="Java(TM) SE Runtime Environment"/>
    <property name="sun.boot.library.path" value="/home/vishnu/Documents/jdk1.8.0_51/jre/lib/amd64"/>
    <property name="java.vm.version" value="25.51-b03"/>
    <property name="java.vm.vendor" value="Oracle Corporation"/>
    <property name="maven.multiModuleProjectDirectory" value="/home/vishnu/git/bonita-ui-designer"/>
    <property name="java.vendor.url" value="http://java.oracle.com/"/>
    <property name="path.separator" value=":"/>
    <property name="guice.disable.misplaced.annotation.check" value="true"/>
    <property name="java.vm.name" value="Java HotSpot(TM) 64-Bit Server VM"/>
    <property name="file.encoding.pkg" value="sun.io"/>
    <property name="user.country" value="IN"/>
    <property name="sun.java.launcher" value="SUN_STANDARD"/>
    <property name="sun.os.patch.level" value="unknown"/>
    <property name="java.vm.specification.name" value="Java Virtual Machine Specification"/>
    <property name="user.dir" value="/home/vishnu/git/bonita-ui-designer"/>
    <property name="java.runtime.version" value="1.8.0_51-b16"/>
    <property name="java.awt.graphicsenv" value="sun.awt.X11GraphicsEnvironment"/>
    <property name="java.endorsed.dirs" value="/home/vishnu/Documents/jdk1.8.0_51/jre/lib/endorsed"/>
    <property name="os.arch" value="amd64"/>
    <property name="java.io.tmpdir" value="/tmp"/>
    <property name="line.separator" value="&#10;"/>
    <property name="java.vm.specification.vendor" value="Oracle Corporation"/>
    <property name="os.name" value="Linux"/>
    <property name="classworlds.conf" value="/home/vishnu/workspace/.metadata/.plugins/org.eclipse.m2e.launching/launches/m2conf6359364630595447036.tmp"/>
    <property name="sun.jnu.encoding" value="UTF-8"/>
    <property name="java.library.path" value="/usr/java/packages/lib/amd64:/usr/lib64:/lib64:/lib:/usr/lib"/>
    <property name="java.specification.name" value="Java Platform API Specification"/>
    <property name="java.class.version" value="52.0"/>
    <property name="sun.management.compiler" value="HotSpot 64-Bit Tiered Compilers"/>
    <property name="os.version" value="3.16.0-57-generic"/>
    <property name="user.home" value="/home/vishnu"/>
    <property name="user.timezone" value="Asia/Kolkata"/>
    <property name="java.awt.printerjob" value="sun.print.PSPrinterJob"/>
    <property name="file.encoding" value="UTF-8"/>
    <property name="java.specification.version" value="1.8"/>
    <property name="user.name" value="vishnu"/>
    <property name="java.class.path" value="/home/vishnu/Documents/eclipse/plugins/org.eclipse.m2e.maven.runtime_1.6.2.20150902-0001/jars/plexus-classworlds-2.5.2.jar"/>
    <property name="java.vm.specification.version" value="1.8"/>
    <property name="sun.arch.data.model" value="64"/>
    <property name="java.home" value="/home/vishnu/Documents/jdk1.8.0_51/jre"/>
    <property name="sun.java.command" value="org.codehaus.plexus.classworlds.launcher.Launcher -B package"/>
    <property name="java.specification.vendor" value="Oracle Corporation"/>
    <property name="user.language" value="en"/>
    <property name="awt.toolkit" value="sun.awt.X11.XToolkit"/>
    <property name="java.vm.info" value="mixed mode"/>
    <property name="java.version" value="1.8.0_51"/>
    <property name="java.ext.dirs" value="/home/vishnu/Documents/jdk1.8.0_51/jre/lib/ext:/usr/java/packages/lib/ext"/>
    <property name="securerandom.source" value="file:/dev/./urandom"/>
    <property name="sun.boot.class.path" value="/home/vishnu/Documents/jdk1.8.0_51/jre/lib/resources.jar:/home/vishnu/Documents/jdk1.8.0_51/jre/lib/rt.jar:/home/vishnu/Documents/jdk1.8.0_51/jre/lib/sunrsasign.jar:/home/vishnu/Documents/jdk1.8.0_51/jre/lib/jsse.jar:/home/vishnu/Documents/jdk1.8.0_51/jre/lib/jce.jar:/home/vishnu/Documents/jdk1.8.0_51/jre/lib/charsets.jar:/home/vishnu/Documents/jdk1.8.0_51/jre/lib/jfr.jar:/home/vishnu/Documents/jdk1.8.0_51/jre/classes"/>
    <property name="java.vendor" value="Oracle Corporation"/>
    <property name="maven.home" value="/home/vishnu/git/bonita-ui-designer/EMBEDDED"/>
    <property name="file.separator" value="/"/>
    <property name="java.vendor.url.bug" value="http://bugreport.sun.com/bugreport/"/>
    <property name="sun.cpu.endian" value="little"/>
    <property name="sun.io.unicode.encoding" value="UnicodeLittle"/>
    <property name="sun.desktop" value="gnome"/>
    <property name="sun.cpu.isalist" value=""/>
  </properties>
  <testcase name="should_throw_NoSuchElementException_when_finding_inexistant_asset" classname="org.bonitasoft.web.designer.repository.AssetRepositoryTest" time="0.002"/>
  <testcase name="should_not_resolveAssetPath_when_asset_invalid" classname="org.bonitasoft.web.designer.repository.AssetRepositoryTest" time="0.001"/>
  <testcase name="should_resolveAssetPath" classname="org.bonitasoft.web.designer.repository.AssetRepositoryTest" time="0.001"/>
  <testcase name="should_throw_NullPointerException_when_find_asset_with_filename_null" classname="org.bonitasoft.web.designer.repository.AssetRepositoryTest" time="0.001"/>
  <testcase name="should_findAssetInPath_asset_when_noone_is_present" classname="org.bonitasoft.web.designer.repository.AssetRepositoryTest" time="0"/>
  <testcase name="should_throw_NullPointerException_when_reading_asset_with_component_id_null" classname="org.bonitasoft.web.designer.repository.AssetRepositoryTest" time="0"/>
  <testcase name="should_delete_asset" classname="org.bonitasoft.web.designer.repository.AssetRepositoryTest" time="0.006"/>
  <testcase name="should_throw_NotFoundException_when_deleting_inexisting_page" classname="org.bonitasoft.web.designer.repository.AssetRepositoryTest" time="0.001"/>
  <testcase name="should_throw_NullPointerException_when_deleting_asset_componentId_null" classname="org.bonitasoft.web.designer.repository.AssetRepositoryTest" time="0.001"/>
  <testcase name="should_readAllBytes_asset" classname="org.bonitasoft.web.designer.repository.AssetRepositoryTest" time="0.002"/>
  <testcase name="should_refresh_component_assets_from_disk" classname="org.bonitasoft.web.designer.repository.AssetRepositoryTest" time="0.006"/>
  <testcase name="should_throw_NullPointerException_when_find_asset_path_with_type_null" classname="org.bonitasoft.web.designer.repository.AssetRepositoryTest" time="0.001"/>
  <testcase name="should_save_asset" classname="org.bonitasoft.web.designer.repository.AssetRepositoryTest" time="0.047"/>
  <testcase name="should_throw_NotFoundException_when_reading_inexisting_page" classname="org.bonitasoft.web.designer.repository.AssetRepositoryTest" time="0.001"/>
  <testcase name="should_find_asset_path_used_by_a_component" classname="org.bonitasoft.web.designer.repository.AssetRepositoryTest" time="0.002"/>
  <testcase name="should_findAssetInPath_asset" classname="org.bonitasoft.web.designer.repository.AssetRepositoryTest" time="0.002"/>
  <testcase name="should_throw_NotAllowedException_when_find_external_asset" classname="org.bonitasoft.web.designer.repository.AssetRepositoryTest" time="0.001"/>
</testsuite>