<?xml version="1.0" encoding="UTF-8"?>
<testsuite name="org.bonitasoft.web.designer.controller.ImportControllerTest" time="0.417" tests="18" errors="0" skipped="0" failures="0">
  <properties>
    <property name="java.runtime.name" value="Java(TM) SE Runtime Environment"/>
    <property name="sun.boot.library.path" value="/home/vishnu/Documents/jdk1.8.0_51/jre/lib/amd64"/>
    <property name="java.vm.version" value="25.51-b03"/>
    <property name="java.vm.vendor" value="Oracle Corporation"/>
    <property name="maven.multiModuleProjectDirectory" value="/home/vishnu/git/bonita-ui-designer"/>
    <property name="java.vendor.url" value="http://java.oracle.com/"/>
    <property name="path.separator" value=":"/>
    <property name="guice.disable.misplaced.annotation.check" value="true"/>
    <property name="java.vm.name" value="Java HotSpot(TM) 64-Bit Server VM"/>
    <property name="file.encoding.pkg" value="sun.io"/>
    <property name="user.country" value="IN"/>
    <property name="sun.java.launcher" value="SUN_STANDARD"/>
    <property name="sun.os.patch.level" value="unknown"/>
    <property name="java.vm.specification.name" value="Java Virtual Machine Specification"/>
    <property name="user.dir" value="/home/vishnu/git/bonita-ui-designer"/>
    <property name="java.runtime.version" value="1.8.0_51-b16"/>
    <property name="java.awt.graphicsenv" value="sun.awt.X11GraphicsEnvironment"/>
    <property name="java.endorsed.dirs" value="/home/vishnu/Documents/jdk1.8.0_51/jre/lib/endorsed"/>
    <property name="os.arch" value="amd64"/>
    <property name="java.io.tmpdir" value="/tmp"/>
    <property name="line.separator" value="&#10;"/>
    <property name="java.vm.specification.vendor" value="Oracle Corporation"/>
    <property name="os.name" value="Linux"/>
    <property name="classworlds.conf" value="/home/vishnu/workspace/.metadata/.plugins/org.eclipse.m2e.launching/launches/m2conf6359364630595447036.tmp"/>
    <property name="sun.jnu.encoding" value="UTF-8"/>
    <property name="java.library.path" value="/usr/java/packages/lib/amd64:/usr/lib64:/lib64:/lib:/usr/lib"/>
    <property name="java.specification.name" value="Java Platform API Specification"/>
    <property name="java.class.version" value="52.0"/>
    <property name="sun.management.compiler" value="HotSpot 64-Bit Tiered Compilers"/>
    <property name="os.version" value="3.16.0-57-generic"/>
    <property name="user.home" value="/home/vishnu"/>
    <property name="user.timezone" value="Asia/Kolkata"/>
    <property name="java.awt.printerjob" value="sun.print.PSPrinterJob"/>
    <property name="file.encoding" value="UTF-8"/>
    <property name="java.specification.version" value="1.8"/>
    <property name="user.name" value="vishnu"/>
    <property name="java.class.path" value="/home/vishnu/Documents/eclipse/plugins/org.eclipse.m2e.maven.runtime_1.6.2.20150902-0001/jars/plexus-classworlds-2.5.2.jar"/>
    <property name="java.vm.specification.version" value="1.8"/>
    <property name="sun.arch.data.model" value="64"/>
    <property name="java.home" value="/home/vishnu/Documents/jdk1.8.0_51/jre"/>
    <property name="sun.java.command" value="org.codehaus.plexus.classworlds.launcher.Launcher -B package"/>
    <property name="java.specification.vendor" value="Oracle Corporation"/>
    <property name="user.language" value="en"/>
    <property name="awt.toolkit" value="sun.awt.X11.XToolkit"/>
    <property name="java.vm.info" value="mixed mode"/>
    <property name="java.version" value="1.8.0_51"/>
    <property name="java.ext.dirs" value="/home/vishnu/Documents/jdk1.8.0_51/jre/lib/ext:/usr/java/packages/lib/ext"/>
    <property name="securerandom.source" value="file:/dev/./urandom"/>
    <property name="sun.boot.class.path" value="/home/vishnu/Documents/jdk1.8.0_51/jre/lib/resources.jar:/home/vishnu/Documents/jdk1.8.0_51/jre/lib/rt.jar:/home/vishnu/Documents/jdk1.8.0_51/jre/lib/sunrsasign.jar:/home/vishnu/Documents/jdk1.8.0_51/jre/lib/jsse.jar:/home/vishnu/Documents/jdk1.8.0_51/jre/lib/jce.jar:/home/vishnu/Documents/jdk1.8.0_51/jre/lib/charsets.jar:/home/vishnu/Documents/jdk1.8.0_51/jre/lib/jfr.jar:/home/vishnu/Documents/jdk1.8.0_51/jre/classes"/>
    <property name="java.vendor" value="Oracle Corporation"/>
    <property name="maven.home" value="/home/vishnu/git/bonita-ui-designer/EMBEDDED"/>
    <property name="file.separator" value="/"/>
    <property name="java.vendor.url.bug" value="http://bugreport.sun.com/bugreport/"/>
    <property name="sun.cpu.endian" value="little"/>
    <property name="sun.io.unicode.encoding" value="UnicodeLittle"/>
    <property name="sun.desktop" value="gnome"/>
    <property name="sun.cpu.isalist" value=""/>
  </properties>
  <testcase name="should_import_a_file_with_octetstream_content_type" classname="org.bonitasoft.web.designer.controller.ImportControllerTest" time="0.057"/>
  <testcase name="should_respond_400_when_file_content_type_is_not_supported" classname="org.bonitasoft.web.designer.controller.ImportControllerTest" time="0.019"/>
  <testcase name="should_import_a_widget" classname="org.bonitasoft.web.designer.controller.ImportControllerTest" time="0.021"/>
  <testcase name="should_respond_400_when_file_content_is_empty" classname="org.bonitasoft.web.designer.controller.ImportControllerTest" time="0.015"/>
  <testcase name="should_respond_an_error_with_ok_code_when_model_file_is_not_found_while_importing_an_artifact" classname="org.bonitasoft.web.designer.controller.ImportControllerTest" time="0.017"/>
  <testcase name="should_force_a_widget_import" classname="org.bonitasoft.web.designer.controller.ImportControllerTest" time="0.022"/>
  <testcase name="should_respond_404_for_an_unknown_artifact_type" classname="org.bonitasoft.web.designer.controller.ImportControllerTest" time="0.019"/>
  <testcase name="should_import_an_artifact" classname="org.bonitasoft.web.designer.controller.ImportControllerTest" time="0.025"/>
  <testcase name="should_force_a_page_import" classname="org.bonitasoft.web.designer.controller.ImportControllerTest" time="0.039"/>
  <testcase name="should_import_a_file_with_zip_content_type" classname="org.bonitasoft.web.designer.controller.ImportControllerTest" time="0.021"/>
  <testcase name="should_respond_an_error_with_ok_code_when_import_exception_occurs_while_importing_a_page" classname="org.bonitasoft.web.designer.controller.ImportControllerTest" time="0.019"/>
  <testcase name="should_cancel_an_import" classname="org.bonitasoft.web.designer.controller.ImportControllerTest" time="0.017"/>
  <testcase name="should_force_an_uncompleted_import" classname="org.bonitasoft.web.designer.controller.ImportControllerTest" time="0.02"/>
  <testcase name="should_respond_400_when_file_content_type_is_octetstream_but_filename_is_not_a_zip" classname="org.bonitasoft.web.designer.controller.ImportControllerTest" time="0.018"/>
  <testcase name="should_respond_an_error_with_ok_code_when_import_exception_occurs_while_importing_a_widget" classname="org.bonitasoft.web.designer.controller.ImportControllerTest" time="0.017"/>
  <testcase name="should_respond_an_error_with_ok_code_when_import_exception_occurs_while_zip_file_could_not_be_opened" classname="org.bonitasoft.web.designer.controller.ImportControllerTest" time="0.024"/>
  <testcase name="should_respond_an_error_with_ok_code_when_import_exception_occurs_while_unzipping" classname="org.bonitasoft.web.designer.controller.ImportControllerTest" time="0.024"/>
  <testcase name="should_import_a_page_with_its_dependencies" classname="org.bonitasoft.web.designer.controller.ImportControllerTest" time="0.023"/>
</testsuite>